<?xml version="1.0" encoding="UTF-8"?>
<!-- Generated by org.testng.reporters.JUnitReportReporter -->
<testsuite hostname="DESKTOP-IDR5HQV" failures="0" tests="6" name="new_prr.my_rrr.First_pro" time="92.415" errors="0" timestamp="2024-05-28T13:27:48 IST" skipped="0">
  <testcase classname="new_prr.my_rrr.First_pro" name="ultimateqa1" time="31.309"/>
  <testcase classname="new_prr.my_rrr.First_pro" name="ultimateqa2" time="29.006"/>
  <testcase classname="new_prr.my_rrr.First_pro" name="ultimateqa3" time="2.679"/>
  <testcase classname="new_prr.my_rrr.First_pro" name="ultimateqa4" time="4.130"/>
  <testcase classname="new_prr.my_rrr.First_pro" name="ultimateqa5" time="0.317"/>
  <testcase classname="new_prr.my_rrr.First_pro" name="ultimateqa6" time="24.974"/>
</testsuite> <!-- new_prr.my_rrr.First_pro -->
