<?xml version="1.0" encoding="UTF-8"?>
<!-- Generated by org.testng.reporters.JUnitReportReporter -->
<testsuite hostname="DESKTOP-IDR5HQV" failures="0" tests="6" name="new_prr.my_rrr.First_pro" time="78.561" errors="0" timestamp="2024-05-28T20:01:29 IST" skipped="0">
  <testcase classname="new_prr.my_rrr.First_pro" name="ultimateqa1" time="32.397"/>
  <testcase classname="new_prr.my_rrr.First_pro" name="ultimateqa2" time="19.563"/>
  <testcase classname="new_prr.my_rrr.First_pro" name="ultimateqa3" time="4.375"/>
  <testcase classname="new_prr.my_rrr.First_pro" name="ultimateqa4" time="4.776"/>
  <testcase classname="new_prr.my_rrr.First_pro" name="ultimateqa5" time="0.412"/>
  <testcase classname="new_prr.my_rrr.First_pro" name="ultimateqa6" time="17.038"/>
</testsuite> <!-- new_prr.my_rrr.First_pro -->
